1540735014033	mozrunner::runner	INFO	Running command: "C:\\Program Files\\Mozilla Firefox\\firefox.exe" "-marionette" "-headless" "-foreground" "-no-remote" "-profile" "C:\\Users\\juliu\\AppData\\Local\\Temp\\rust_mozprofile.3hXXxwGkFrH2"
*** You are running in headless mode.
1540735015279	Marionette	INFO	Listening on port 54071
1540735015642	Marionette	WARN	TLS certificate errors will be ignored for this session
1540735015663	Marionette	DEBUG	[6442450945] Frame script loaded
1540735015666	Marionette	DEBUG	[6442450945] Frame script registered
1540735015675	Marionette	DEBUG	[6442450945] Received DOM event beforeunload for about:blank
1540735015704	Marionette	DEBUG	[6442450945] Received DOM event pagehide for about:blank
JavaScript warning: http://speedport.ip/js/jquery-1.3.2.min1.js, line 19: unreachable code after return statement
1540735015956	Marionette	DEBUG	[6442450945] Received DOM event DOMContentLoaded for http://speedport.ip/html/login/index.html
1540735016005	Marionette	DEBUG	[6442450945] Received DOM event pageshow for http://speedport.ip/html/login/index.html
1540735016362	Marionette	DEBUG	[6442450945] Received DOM event beforeunload for http://speedport.ip/html/login/index.html
1540735016380	Marionette	DEBUG	[6442450945] Received DOM event pagehide for http://speedport.ip/html/login/index.html
1540735016380	Marionette	DEBUG	[6442450945] Received DOM event unload for http://speedport.ip/html/login/index.html
JavaScript warning: http://speedport.ip/js/jquery-1.3.2.min1.js, line 19: unreachable code after return statement
1540735016458	Marionette	DEBUG	[6442450945] Received DOM event DOMContentLoaded for http://speedport.ip/html/login/status.html?lang=de
1540735016498	Marionette	DEBUG	[6442450945] Received DOM event pageshow for http://speedport.ip/html/login/status.html?lang=de
1540735020838	Marionette	INFO	Stopped listening on port 54071
[Child 20356, Chrome_ChildThread] WARNING: pipe error: 109: file z:/build/build/src/ipc/chromium/src/chrome/common/ipc_channel_win.cc, line 346
[Child 20356, Chrome_Ch[Parent 4548, Gecko_IOThread] WARNING: pipe error: 109: file z:/build/build/src/ipc/chromium/src/chrome/common/ipc_channel_win.cc, line 346
[Child 18492, Chrome_ChildThread] WARNING: pipe error: 109: file z:/build/build/src/ipc/chromium/src/chrome/common/ipc_channel_win.cc, line 346
[Child 18492, Chrome_C1540735128667	mozrunner::runner	INFO	Running command: "C:\\Program Files\\Mozilla Firefox\\firefox.exe" "-marionette" "-headless" "-foreground" "-no-remote" "-profile" "C:\\Users\\juliu\\AppData\\Local\\Temp\\rust_mozprofile.prbtErhzIcR7"
*** You are running in headless mode.
1540735129934	Marionette	INFO	Listening on port 54317
1540735130287	Marionette	WARN	TLS certificate errors will be ignored for this session
1540735130308	Marionette	DEBUG	[6442450945] Frame script loaded
1540735130309	Marionette	DEBUG	[6442450945] Frame script registered
1540735130317	Marionette	DEBUG	[6442450945] Received DOM event beforeunload for about:blank
1540735130346	Marionette	DEBUG	[6442450945] Received DOM event pagehide for about:blank
JavaScript warning: http://speedport.ip/js/jquery-1.3.2.min1.js, line 19: unreachable code after return statement
1540735130555	Marionette	DEBUG	[6442450945] Received DOM event DOMContentLoaded for http://speedport.ip/html/login/index.html
1540735130597	Marionette	DEBUG	[6442450945] Received DOM event pageshow for http://speedport.ip/html/login/index.html
1540735130888	Marionette	DEBUG	[6442450945] Received DOM event beforeunload for http://speedport.ip/html/login/index.html
1540735130902	Marionette	DEBUG	[6442450945] Received DOM event pagehide for http://speedport.ip/html/login/index.html
1540735130902	Marionette	DEBUG	[6442450945] Received DOM event unload for http://speedport.ip/html/login/index.html
JavaScript warning: http://speedport.ip/js/jquery-1.3.2.min1.js, line 19: unreachable code after return statement
1540735130951	Marionette	DEBUG	[6442450945] Received DOM event DOMContentLoaded for http://speedport.ip/html/login/status.html?lang=de
1540735130991	Marionette	DEBUG	[6442450945] Received DOM event pageshow for http://speedport.ip/html/login/status.html?lang=de
1540735135144	Marionette	INFO	Stopped listening on port 54317
[Child 4472, Chrome_ChildThread] WARNING: pipe error: 109: file z:/build/build/src/ipc/chromium/src/chrome/common/ipc_channel_win.cc, line 346
[Child 4472, Chrome_Chi[Child 19052, Chrome_ChildThread] WARNING: pipe error: 109: file z:/build/build/src/ipc/chromium/src/chrome/common/ipc_channel_win.cc, line 346
[Child 19052, C[Parent 19580, Gecko_IOThread] WARNING: pipe error: 109: file z:/build/build/src/ipc/chromium/src/chrome/common/ipc_channel_win.cc, line 346
[Child 2596, Chrome_ChildThread] WARNING: pipe error: 109: file z:/build/build/src/ipc/chromium/src/chrome/common/ipc_channel_win.cc, line 346
[Child 2596, Chrom1540735267148	mozrunner::runner	INFO	Running command: "C:\\Program Files\\Mozilla Firefox\\firefox.exe" "-marionette" "-headless" "-foreground" "-no-remote" "-profile" "C:\\Users\\juliu\\AppData\\Local\\Temp\\rust_mozprofile.bNw4hqqZR3eD"
*** You are running in headless mode.
1540735268296	Marionette	INFO	Listening on port 54594
1540735268757	Marionette	WARN	TLS certificate errors will be ignored for this session
1540735268778	Marionette	DEBUG	[6442450945] Frame script loaded
1540735268779	Marionette	DEBUG	[6442450945] Frame script registered
1540735268788	Marionette	DEBUG	[6442450945] Received DOM event beforeunload for about:blank
1540735268818	Marionette	DEBUG	[6442450945] Received DOM event pagehide for about:blank
JavaScript warning: http://speedport.ip/js/jquery-1.3.2.min1.js, line 19: unreachable code after return statement
1540735269057	Marionette	DEBUG	[6442450945] Received DOM event DOMContentLoaded for http://speedport.ip/html/login/index.html
1540735269103	Marionette	DEBUG	[6442450945] Received DOM event pageshow for http://speedport.ip/html/login/index.html
1540735269412	Marionette	DEBUG	[6442450945] Received DOM event beforeunload for http://speedport.ip/html/login/index.html
1540735269430	Marionette	DEBUG	[6442450945] Received DOM event pagehide for http://speedport.ip/html/login/index.html
1540735269430	Marionette	DEBUG	[6442450945] Received DOM event unload for http://speedport.ip/html/login/index.html
JavaScript warning: http://speedport.ip/js/jquery-1.3.2.min1.js, line 19: unreachable code after return statement
1540735269492	Marionette	DEBUG	[6442450945] Received DOM event DOMContentLoaded for http://speedport.ip/html/login/status.html?lang=de
1540735269533	Marionette	DEBUG	[6442450945] Received DOM event pageshow for http://speedport.ip/html/login/status.html?lang=de
1540735273690	Marionette	INFO	Stopped listening on port 54594
[Parent 19052, Gecko_IOThread] WARNING: pipe error: 109: file z:/build/build/src/ipc/chromium/src/chrome/common/ipc_channel_win.cc, line 346
[Child 8852, Chrome_ChildThread] WARNING: pipe error: 109: file z:/build/build/src/ipc/chromium/src/chrome/common/ipc_channel_win.cc, line 346
[1540735277275	mozrunner::runner	INFO	Running command: "C:\\Program Files\\Mozilla Firefox\\firefox.exe" "-marionette" "-headless" "-foreground" "-no-remote" "-profile" "C:\\Users\\juliu\\AppData\\Local\\Temp\\rust_mozprofile.pVMf69eldTak"
*** You are running in headless mode.
1540735278368	Marionette	INFO	Listening on port 54687
1540735278383	Marionette	WARN	TLS certificate errors will be ignored for this session
1540735278404	Marionette	DEBUG	[6442450945] Frame script loaded
1540735278410	Marionette	DEBUG	[6442450945] Frame script registered
1540735278431	Marionette	DEBUG	[6442450945] Received DOM event beforeunload for about:blank
1540735278473	Marionette	DEBUG	[6442450945] Received DOM event pagehide for about:blank
JavaScript warning: http://speedport.ip/js/jquery-1.3.2.min1.js, line 19: unreachable code after return statement
1540735278705	Marionette	DEBUG	[6442450945] Received DOM event DOMContentLoaded for http://speedport.ip/html/login/index.html
1540735278754	Marionette	DEBUG	[6442450945] Received DOM event pageshow for http://speedport.ip/html/login/index.html
1540735279037	Marionette	DEBUG	[6442450945] Received DOM event beforeunload for http://speedport.ip/html/login/index.html
1540735279055	Marionette	DEBUG	[6442450945] Received DOM event pagehide for http://speedport.ip/html/login/index.html
1540735279056	Marionette	DEBUG	[6442450945] Received DOM event unload for http://speedport.ip/html/login/index.html
JavaScript warning: http://speedport.ip/js/jquery-1.3.2.min1.js, line 19: unreachable code after return statement
1540735279115	Marionette	DEBUG	[6442450945] Received DOM event DOMContentLoaded for http://speedport.ip/html/login/status.html?lang=de
1540735279156	Marionette	DEBUG	[6442450945] Received DOM event pageshow for http://speedport.ip/html/login/status.html?lang=de
1540735283377	Marionette	INFO	Stopped listening on port 54687
[Child 20464, Chrome_ChildThread] WARNING: pipe error: 109: file z:/build/build/src/ipc/chromium/src/chrome/common/ipc_channel_win.cc, line 346
[Child 204[Child 19660, Chrome_ChildThread] WARNING: pipe error: 109: file z:/build/build/src/ipc/chromium/src/chrome/common/ipc_channel_win.cc, line 346
[Child 19660, Chrome_Ch[Parent 8056, Gecko_IOThread] WARNING: pipe error: 109: file z:/build/build/src/ipc/chromium/src/chrome/common/ipc_channel_win.cc, line 346
[Child 19484, Chrome_ChildThread] WARNING: pipe error: 109: file z:/build/build/src/ipc/chromium/src/chrome/common/ipc_channel_win.cc, line 346
[Child 19484, Chrome_ChildThread] WARNING: pipe error: 109: file z:/build/build/src/ipc/chromium/src/chrome/common/ipc_channel_win.cc, line 346
1540735394766	mozrunner::runner	INFO	Running command: "C:\\Program Files\\Mozilla Firefox\\firefox.exe" "-marionette" "-headless" "-foreground" "-no-remote" "-profile" "C:\\Users\\juliu\\AppData\\Local\\Temp\\rust_mozprofile.jHsVTCoJvRea"
*** You are running in headless mode.
1540735395859	Marionette	INFO	Listening on port 54937
1540735395874	Marionette	WARN	TLS certificate errors will be ignored for this session
1540735395896	Marionette	DEBUG	[6442450945] Frame script loaded
1540735395900	Marionette	DEBUG	[6442450945] Frame script registered
1540735395916	Marionette	DEBUG	[6442450945] Received DOM event beforeunload for about:blank
1540735395962	Marionette	DEBUG	[6442450945] Received DOM event pagehide for about:blank
JavaScript warning: http://speedport.ip/js/jquery-1.3.2.min1.js, line 19: unreachable code after return statement
1540735396193	Marionette	DEBUG	[6442450945] Received DOM event DOMContentLoaded for http://speedport.ip/html/login/index.html
1540735396241	Marionette	DEBUG	[6442450945] Received DOM event pageshow for http://speedport.ip/html/login/index.html
1540735396527	Marionette	DEBUG	[6442450945] Received DOM event beforeunload for http://speedport.ip/html/login/index.html
1540735396544	Marionette	DEBUG	[6442450945] Received DOM event pagehide for http://speedport.ip/html/login/index.html
1540735396545	Marionette	DEBUG	[6442450945] Received DOM event unload for http://speedport.ip/html/login/index.html
JavaScript warning: http://speedport.ip/js/jquery-1.3.2.min1.js, line 19: unreachable code after return statement
1540735396608	Marionette	DEBUG	[6442450945] Received DOM event DOMContentLoaded for http://speedport.ip/html/login/status.html?lang=de
1540735396649	Marionette	DEBUG	[6442450945] Received DOM event pageshow for http://speedport.ip/html/login/status.html?lang=de
1540735401728	Marionette	INFO	Stopped listening on port 54937
[Child 19584, Chrome_ChildThrea[Child 20d] WARNING:076, Chrome_ChildThread] WARNING: pipe error: 109: file z:/ [Child 20332, Chrome_ChildThread] WARNING: pipe error: 109: file z:/build/build/src/ipc/cbpipe error: 109: file z:/build/buhuiromiumld/i/srsrc/clchd/rome/co/bmmon/ipc_channelui_win.cc, line 346ild/src/ipc/ch
promci/chromium/src/chrome/cuommon/ipc_channel_win.cc, line 346
m/src/chrome/common/ipc_channel_win.cc, line 346
[1540735465203	mozrunner::runner	INFO	Running command: "C:\\Program Files\\Mozilla Firefox\\firefox.exe" "-marionette" "-headless" "-foreground" "-no-remote" "-profile" "C:\\Users\\juliu\\AppData\\Local\\Temp\\rust_mozprofile.z8UY19W573Ih"
*** You are running in headless mode.
1540735466332	Marionette	INFO	Listening on port 55135
1540735466820	Marionette	WARN	TLS certificate errors will be ignored for this session
1540735466841	Marionette	DEBUG	[6442450945] Frame script loaded
1540735466842	Marionette	DEBUG	[6442450945] Frame script registered
1540735466850	Marionette	DEBUG	[6442450945] Received DOM event beforeunload for about:blank
1540735466879	Marionette	DEBUG	[6442450945] Received DOM event pagehide for about:blank
JavaScript warning: http://speedport.ip/js/jquery-1.3.2.min1.js, line 19: unreachable code after return statement
1540735467095	Marionette	DEBUG	[6442450945] Received DOM event DOMContentLoaded for http://speedport.ip/html/login/index.html
1540735467150	Marionette	DEBUG	[6442450945] Received DOM event pageshow for http://speedport.ip/html/login/index.html
1540735467427	Marionette	DEBUG	[6442450945] Received DOM event beforeunload for http://speedport.ip/html/login/index.html
1540735467443	Marionette	DEBUG	[6442450945] Received DOM event pagehide for http://speedport.ip/html/login/index.html
1540735467444	Marionette	DEBUG	[6442450945] Received DOM event unload for http://speedport.ip/html/login/index.html
JavaScript warning: http://speedport.ip/js/jquery-1.3.2.min1.js, line 19: unreachable code after return statement
1540735467492	Marionette	DEBUG	[6442450945] Received DOM event DOMContentLoaded for http://speedport.ip/html/login/status.html?lang=de
1540735467532	Marionette	DEBUG	[6442450945] Received DOM event pageshow for http://speedport.ip/html/login/status.html?lang=de
1540735472103	Marionette	INFO	Stopped listening on port 55135
[Child 19912, Chrome_ChildThread] WARNING: pipe error: 109: file z:/build/build/src/ipc/chromium/src/chrome/common/ipc_channel_win.cc, line 346
[Child 1991[Parent 18328, Gecko_IOThread] WARNING: pipe error: 109: file z:/build/build/src/ipc/chromium/src/chrome/common/ipc_channel_win.cc, line 346
[Child 4208, Chrome_ChildThread] WARNING: pipe error: 109: file z:/build/build/src/ipc/chromium/src/chrome/common/ipc_channel_win.cc, line 346
[Child 4208, Chrome_ChildThread] WARNING: pipe err[Parent 18328, Gecko_IOThread] WARNING: pipe error: 109: file z:/build/build/src/ipc/chromium/src/chrome/common/ipc_channel_win.cc, line 346
[Child 17120, Chrome_ChildThread] WARNING: pipe error: 109: file z:/build/build/src/ipc/chromium/src/chrome/common/ipc_channel_win.cc, line 346
[Child 17120, Chrome_ChildThread] 1540736363888	mozrunner::runner	INFO	Running command: "C:\\Program Files\\Mozilla Firefox\\firefox.exe" "-marionette" "-headless" "-foreground" "-no-remote" "-profile" "C:\\Users\\juliu\\AppData\\Local\\Temp\\rust_mozprofile.udtldWKehk6Z"
*** You are running in headless mode.
1540736365301	Marionette	INFO	Listening on port 56558
1540736365520	Marionette	WARN	TLS certificate errors will be ignored for this session
1540736365543	Marionette	DEBUG	[6442450945] Frame script loaded
1540736365545	Marionette	DEBUG	[6442450945] Frame script registered
1540736365554	Marionette	DEBUG	[6442450945] Received DOM event beforeunload for about:blank
1540736365598	Marionette	DEBUG	[6442450945] Received DOM event pagehide for about:blank
JavaScript warning: http://speedport.ip/js/jquery-1.3.2.min1.js, line 19: unreachable code after return statement
1540736365817	Marionette	DEBUG	[6442450945] Received DOM event DOMContentLoaded for http://speedport.ip/html/login/index.html
1540736365865	Marionette	DEBUG	[6442450945] Received DOM event pageshow for http://speedport.ip/html/login/index.html
1540736366160	Marionette	DEBUG	[6442450945] Received DOM event beforeunload for http://speedport.ip/html/login/index.html
1540736366176	Marionette	DEBUG	[6442450945] Received DOM event pagehide for http://speedport.ip/html/login/index.html
1540736366177	Marionette	DEBUG	[6442450945] Received DOM event unload for http://speedport.ip/html/login/index.html
JavaScript warning: http://speedport.ip/js/jquery-1.3.2.min1.js, line 19: unreachable code after return statement
1540736366240	Marionette	DEBUG	[6442450945] Received DOM event DOMContentLoaded for http://speedport.ip/html/login/status.html?lang=de
1540736366282	Marionette	DEBUG	[6442450945] Received DOM event pageshow for http://speedport.ip/html/login/status.html?lang=de
1540736370719	Marionette	INFO	Stopped listening on port 56558
[Child 9568, Chrome_ChildThread] WARNING: pipe error: 109: file z:/build/build/src/ipc/chromium/src/chrome/common/ipc_channel_win.cc, line 346
[Child 9568, C1540736434304	mozrunner::runner	INFO	Running command: "C:\\Program Files\\Mozilla Firefox\\firefox.exe" "-marionette" "-headless" "-foreground" "-no-remote" "-profile" "C:\\Users\\juliu\\AppData\\Local\\Temp\\rust_mozprofile.lclEW2gYci7t"
*** You are running in headless mode.
1540736435544	Marionette	INFO	Listening on port 56752
1540736435913	Marionette	WARN	TLS certificate errors will be ignored for this session
1540736435934	Marionette	DEBUG	[6442450945] Frame script loaded
1540736435935	Marionette	DEBUG	[6442450945] Frame script registered
1540736435944	Marionette	DEBUG	[6442450945] Received DOM event beforeunload for about:blank
1540736435973	Marionette	DEBUG	[6442450945] Received DOM event pagehide for about:blank
JavaScript warning: http://speedport.ip/js/jquery-1.3.2.min1.js, line 19: unreachable code after return statement
1540736436216	Marionette	DEBUG	[6442450945] Received DOM event DOMContentLoaded for http://speedport.ip/html/login/index.html
1540736436274	Marionette	DEBUG	[6442450945] Received DOM event pageshow for http://speedport.ip/html/login/index.html
1540736436652	Marionette	DEBUG	[6442450945] Received DOM event beforeunload for http://speedport.ip/html/login/index.html
1540736436669	Marionette	DEBUG	[6442450945] Received DOM event pagehide for http://speedport.ip/html/login/index.html
1540736436670	Marionette	DEBUG	[6442450945] Received DOM event unload for http://speedport.ip/html/login/index.html
JavaScript warning: http://speedport.ip/js/jquery-1.3.2.min1.js, line 19: unreachable code after return statement
1540736436733	Marionette	DEBUG	[6442450945] Received DOM event DOMContentLoaded for http://speedport.ip/html/login/status.html?lang=de
1540736436776	Marionette	DEBUG	[6442450945] Received DOM event pageshow for http://speedport.ip/html/login/status.html?lang=de
1540736441675	Marionette	INFO	Stopped listening on port 56752
[Child 21464, Chrome_ChildThread] WARNING: pipe error: 109: file z:/build/bui[Parent 21052, Gecko_IOThread] WARNING: pipe error: 109: file z:/build/build/src/ipc/chromium/src/chrome/common/ipc_channel_win.cc, line 346ld/src
/ipc/chromium/src/chrome/com[moChild 21448, Chrome_ChildThread] WARNING: pipe error: 109: file z:/build/build/srnc/i/pc/chromium/src/chrome/common/ipc_channel_win.cc, line 346i
pc_channel_win.cc, line 346
[1540736502667	mozrunner::runner	INFO	Running command: "C:\\Program Files\\Mozilla Firefox\\firefox.exe" "-marionette" "-headless" "-foreground" "-no-remote" "-profile" "C:\\Users\\juliu\\AppData\\Local\\Temp\\rust_mozprofile.fyk3FUM5owzH"
*** You are running in headless mode.
1540736503844	Marionette	INFO	Listening on port 56930
1540736504275	Marionette	WARN	TLS certificate errors will be ignored for this session
1540736504296	Marionette	DEBUG	[6442450945] Frame script loaded
1540736504297	Marionette	DEBUG	[6442450945] Frame script registered
1540736504307	Marionette	DEBUG	[6442450945] Received DOM event beforeunload for about:blank
1540736504334	Marionette	DEBUG	[6442450945] Received DOM event pagehide for about:blank
JavaScript warning: http://speedport.ip/js/jquery-1.3.2.min1.js, line 19: unreachable code after return statement
1540736504558	Marionette	DEBUG	[6442450945] Received DOM event DOMContentLoaded for http://speedport.ip/html/login/index.html
1540736504617	Marionette	DEBUG	[6442450945] Received DOM event pageshow for http://speedport.ip/html/login/index.html
1540736504888	Marionette	DEBUG	[6442450945] Received DOM event beforeunload for http://speedport.ip/html/login/index.html
1540736504904	Marionette	DEBUG	[6442450945] Received DOM event pagehide for http://speedport.ip/html/login/index.html
1540736504905	Marionette	DEBUG	[6442450945] Received DOM event unload for http://speedport.ip/html/login/index.html
JavaScript warning: http://speedport.ip/js/jquery-1.3.2.min1.js, line 19: unreachable code after return statement
1540736504954	Marionette	DEBUG	[6442450945] Received DOM event DOMContentLoaded for http://speedport.ip/html/login/status.html?lang=de
1540736504993	Marionette	DEBUG	[6442450945] Received DOM event pageshow for http://speedport.ip/html/login/status.html?lang=de
1540736509411	Marionette	INFO	Stopped listening on port 56930
[Child 21232, Chrome_ChildThread] WARNING: pipe error: 109: file z:/build/build/src/ipc/chromium/src/chrome/common/ipc_channel_win.cc, line 346
[Child 21232, [Child 21260, Chrome_ChildThread] WARNING: pipe error: 109: file z:/build/build/src/ipc/chromium/src/chrome/common/ipc_channel_win.cc, line 346
[Child 21260, Chrome_ChildThread] WARNING: pipe error: 109: [Parent 20996, Gecko_IOThread] WARNING: pipe error: 109: file z:/build/build/src/ipc/chromium/src/chrome/common/ipc_channel_win.cc, line 346
[Child 21184, Chrome_ChildThread] WARNING: pipe error: 109: file z:/build/build/src/ipc/chromium/src/chrome/common/ipc_channel_win.cc, line 346
[Child 21184, Ch1540736572886	mozrunner::runner	INFO	Running command: "C:\\Program Files\\Mozilla Firefox\\firefox.exe" "-marionette" "-headless" "-foreground" "-no-remote" "-profile" "C:\\Users\\juliu\\AppData\\Local\\Temp\\rust_mozprofile.A7eGFgIGk3WS"
*** You are running in headless mode.
1540736573988	Marionette	INFO	Listening on port 57109
1540736573996	Marionette	WARN	TLS certificate errors will be ignored for this session
1540736574017	Marionette	DEBUG	[6442450945] Frame script loaded
1540736574020	Marionette	DEBUG	[6442450945] Frame script registered
1540736574046	Marionette	DEBUG	[6442450945] Received DOM event beforeunload for about:blank
1540736574115	Marionette	DEBUG	[6442450945] Received DOM event pagehide for about:blank
JavaScript warning: http://speedport.ip/js/jquery-1.3.2.min1.js, line 19: unreachable code after return statement
1540736574372	Marionette	DEBUG	[6442450945] Received DOM event DOMContentLoaded for http://speedport.ip/html/login/index.html
1540736574424	Marionette	DEBUG	[6442450945] Received DOM event pageshow for http://speedport.ip/html/login/index.html
1540736574711	Marionette	DEBUG	[6442450945] Received DOM event beforeunload for http://speedport.ip/html/login/index.html
1540736574728	Marionette	DEBUG	[6442450945] Received DOM event pagehide for http://speedport.ip/html/login/index.html
1540736574728	Marionette	DEBUG	[6442450945] Received DOM event unload for http://speedport.ip/html/login/index.html
JavaScript warning: http://speedport.ip/js/jquery-1.3.2.min1.js, line 19: unreachable code after return statement
1540736574789	Marionette	DEBUG	[6442450945] Received DOM event DOMContentLoaded for http://speedport.ip/html/login/status.html?lang=de
1540736574829	Marionette	DEBUG	[6442450945] Received DOM event pageshow for http://speedport.ip/html/login/status.html?lang=de
1540736579152	Marionette	INFO	Stopped listening on port 57109
[Child 19784, Chrome_C[Chihlidl 1d16T60h, rCeahdrome_Chil]dT hWrARNING: pipe error: 109: fi[eleaPar dez] :nWAt 20992,R/ Gecbuild/build/kNINGo_IOTh:srea rd]cp WARNING: pipe error: 109: file z:/build/buil/ipc/cd/hromium/srsicrc/i/ppchce /rechromium/src/chrome/common/ipc_channel_win.cc, line 346or
me/common/ipc_channel_rwori:n 1.09: cfc, illie z:/bunie l3d46/bui
ld/src/ipc/chromium/src/chrome/common/ipc_channel_win.cc, line 346
[1540736643978	mozrunner::runner	INFO	Running command: "C:\\Program Files\\Mozilla Firefox\\firefox.exe" "-marionette" "-headless" "-foreground" "-no-remote" "-profile" "C:\\Users\\juliu\\AppData\\Local\\Temp\\rust_mozprofile.HkywwBQrYd0W"
*** You are running in headless mode.
1540736645210	Marionette	INFO	Listening on port 57289
1540736645584	Marionette	WARN	TLS certificate errors will be ignored for this session
1540736645606	Marionette	DEBUG	[6442450945] Frame script loaded
1540736645607	Marionette	DEBUG	[6442450945] Frame script registered
1540736645618	Marionette	DEBUG	[6442450945] Received DOM event beforeunload for about:blank
1540736645644	Marionette	DEBUG	[6442450945] Received DOM event pagehide for about:blank
JavaScript warning: http://speedport.ip/js/jquery-1.3.2.min1.js, line 19: unreachable code after return statement
1540736645893	Marionette	DEBUG	[6442450945] Received DOM event DOMContentLoaded for http://speedport.ip/html/login/index.html
1540736645946	Marionette	DEBUG	[6442450945] Received DOM event pageshow for http://speedport.ip/html/login/index.html
1540736646457	Marionette	DEBUG	[6442450945] Received DOM event beforeunload for http://speedport.ip/html/login/index.html
1540736646474	Marionette	DEBUG	[6442450945] Received DOM event pagehide for http://speedport.ip/html/login/index.html
1540736646474	Marionette	DEBUG	[6442450945] Received DOM event unload for http://speedport.ip/html/login/index.html
JavaScript warning: http://speedport.ip/js/jquery-1.3.2.min1.js, line 19: unreachable code after return statement
1540736646526	Marionette	DEBUG	[6442450945] Received DOM event DOMContentLoaded for http://speedport.ip/html/login/status.html?lang=de
1540736646564	Marionette	DEBUG	[6442450945] Received DOM event pageshow for http://speedport.ip/html/login/status.html?lang=de
1540736651096	Marionette	INFO	Stopped listening on port 57289
[Child 19524, Chrome_ChildThread] WARNING: pipe error: 109: file z:/build/build/src/ipc/chromium/src/chrome/common/ipc_channel_win.cc, line 346
[Parent 21256, Gecko_IOThread] WARNING: pipe error: 109: file z:/build/build/src/ipc/chromium/src/chrome/common/ipc_channel_win.cc, line 346
[Child 20688, Chrome_ChildThread] WARNING: pipe error: 109: file z:/build/build/src/ipc/chromium/src/chrome/common/ipc_channel_win.cc, line 346
[Child 20688, [Child 19532, Chrome_ChildThread] WARNING: pipe error: 109: file z:/build/build/src/ipc/chromium/src/chrome/common/ipc_channel_win.cc, line 346
[Child 19532, Chrome_ChildThread] WARNING: pipe error: 109: file z:/build/b1540736714679	mozrunner::runner	INFO	Running command: "C:\\Program Files\\Mozilla Firefox\\firefox.exe" "-marionette" "-headless" "-foreground" "-no-remote" "-profile" "C:\\Users\\juliu\\AppData\\Local\\Temp\\rust_mozprofile.eK01DRjHHM8S"
*** You are running in headless mode.
1540736715883	Marionette	INFO	Listening on port 57468
1540736716292	Marionette	WARN	TLS certificate errors will be ignored for this session
1540736716318	Marionette	DEBUG	[6442450945] Frame script loaded
1540736716322	Marionette	DEBUG	[6442450945] Frame script registered
1540736716331	Marionette	DEBUG	[6442450945] Received DOM event beforeunload for about:blank
1540736716363	Marionette	DEBUG	[6442450945] Received DOM event pagehide for about:blank
JavaScript warning: http://speedport.ip/js/jquery-1.3.2.min1.js, line 19: unreachable code after return statement
1540736716626	Marionette	DEBUG	[6442450945] Received DOM event DOMContentLoaded for http://speedport.ip/html/login/index.html
1540736716673	Marionette	DEBUG	[6442450945] Received DOM event pageshow for http://speedport.ip/html/login/index.html
1540736717056	Marionette	DEBUG	[6442450945] Received DOM event beforeunload for http://speedport.ip/html/login/index.html
1540736717072	Marionette	DEBUG	[6442450945] Received DOM event pagehide for http://speedport.ip/html/login/index.html
1540736717073	Marionette	DEBUG	[6442450945] Received DOM event unload for http://speedport.ip/html/login/index.html
JavaScript warning: http://speedport.ip/js/jquery-1.3.2.min1.js, line 19: unreachable code after return statement
1540736717135	Marionette	DEBUG	[6442450945] Received DOM event DOMContentLoaded for http://speedport.ip/html/login/status.html?lang=de
1540736717176	Marionette	DEBUG	[6442450945] Received DOM event pageshow for http://speedport.ip/html/login/status.html?lang=de
1540736721577	Marionette	INFO	Stopped listening on port 57468
[Child 13272, Chrome_ChildThread] WARNING: pipe error: 109: file z:/build/build/src/ipc/chromium/src/chrome/common/ipc_channel_win.cc, line 346
[Pare[Child 13nt 20616, Gecko_IOThread] WARNING: pipe error: 109: file z:/build/build/src/ipc/chromium/src/chrome/common/ipc_channel_win.cc, line 346
[Child 14000, Chrome_ChildThread] WARNING: pipe error: 109: file z:/build/build/src/ipc/chromium/src/chrome/common/ipc_channel_win.cc, line 346
[Child 14000, Chrome_1540736785174	mozrunner::runner	INFO	Running command: "C:\\Program Files\\Mozilla Firefox\\firefox.exe" "-marionette" "-headless" "-foreground" "-no-remote" "-profile" "C:\\Users\\juliu\\AppData\\Local\\Temp\\rust_mozprofile.OlQAP1gZIRjG"
*** You are running in headless mode.
1540736786352	Marionette	INFO	Listening on port 57650
1540736786780	Marionette	WARN	TLS certificate errors will be ignored for this session
1540736786801	Marionette	DEBUG	[6442450945] Frame script loaded
1540736786802	Marionette	DEBUG	[6442450945] Frame script registered
1540736786811	Marionette	DEBUG	[6442450945] Received DOM event beforeunload for about:blank
1540736786842	Marionette	DEBUG	[6442450945] Received DOM event pagehide for about:blank
JavaScript warning: http://speedport.ip/js/jquery-1.3.2.min1.js, line 19: unreachable code after return statement
1540736787086	Marionette	DEBUG	[6442450945] Received DOM event DOMContentLoaded for http://speedport.ip/html/login/index.html
1540736787138	Marionette	DEBUG	[6442450945] Received DOM event pageshow for http://speedport.ip/html/login/index.html
1540736787431	Marionette	DEBUG	[6442450945] Received DOM event beforeunload for http://speedport.ip/html/login/index.html
1540736787447	Marionette	DEBUG	[6442450945] Received DOM event pagehide for http://speedport.ip/html/login/index.html
1540736787447	Marionette	DEBUG	[6442450945] Received DOM event unload for http://speedport.ip/html/login/index.html
JavaScript warning: http://speedport.ip/js/jquery-1.3.2.min1.js, line 19: unreachable code after return statement
1540736787509	Marionette	DEBUG	[6442450945] Received DOM event DOMContentLoaded for http://speedport.ip/html/login/status.html?lang=de
1540736787549	Marionette	DEBUG	[6442450945] Received DOM event pageshow for http://speedport.ip/html/login/status.html?lang=de
1540736791976	Marionette	INFO	Stopped listening on port 57650
[Parent 19628, Gecko_IOThread] WARNING: pipe error: 109: file z:/build/build/src/ipc/chromium/src/chrome/common/ipc_channel_win.cc, line 346
[Child 21088, Chrome_ChildThread] WARNING: pipe error: 109: file z:/build/build/src/ipc/chromium/src/chrome/common/ipc_channel_win.cc, line 346[
Parent 19628, Gecko_IOThread] WARNING: pipe error: 109: file z:/build/build/src/ipc/chromium/src/chrome/common/ipc_channel_win.cc, line 346
[Child 20132, Chrome_ChildThread] WARNING: pipe error: 109: file z:/build/build/src/ipc/chromium/src/chrome/common/ipc_channel_win.cc, line 346
[1540736974784	mozrunner::runner	INFO	Running command: "C:\\Program Files\\Mozilla Firefox\\firefox.exe" "-marionette" "-headless" "-foreground" "-no-remote" "-profile" "C:\\Users\\juliu\\AppData\\Local\\Temp\\rust_mozprofile.5SEV08WnQhz9"
*** You are running in headless mode.
1540736975971	Marionette	INFO	Listening on port 58029
1540739024870	mozrunner::runner	INFO	Running command: "C:\\Program Files\\Mozilla Firefox\\firefox.exe" "-marionette" "-headless" "-foreground" "-no-remote" "-profile" "C:\\Users\\juliu\\AppData\\Local\\Temp\\rust_mozprofile.HS3Mbr1zSmgq"
*** You are running in headless mode.
1540739025901	Marionette	INFO	Listening on port 61009
1540739025978	Marionette	WARN	TLS certificate errors will be ignored for this session
1540739026000	Marionette	DEBUG	[6442450945] Frame script loaded
1540739026001	Marionette	DEBUG	[6442450945] Frame script registered
1540739026010	Marionette	DEBUG	[6442450945] Received DOM event beforeunload for about:blank
1540739026060	Marionette	DEBUG	[6442450945] Received DOM event pagehide for about:blank
JavaScript warning: http://speedport.ip/js/jquery-1.3.2.min1.js, line 19: unreachable code after return statement
1540739026304	Marionette	DEBUG	[6442450945] Received DOM event DOMContentLoaded for http://speedport.ip/html/login/index.html
1540739026355	Marionette	DEBUG	[6442450945] Received DOM event pageshow for http://speedport.ip/html/login/index.html
1540739026724	Marionette	DEBUG	[6442450945] Received DOM event beforeunload for http://speedport.ip/html/login/index.html
1540739026742	Marionette	DEBUG	[6442450945] Received DOM event pagehide for http://speedport.ip/html/login/index.html
1540739026742	Marionette	DEBUG	[6442450945] Received DOM event unload for http://speedport.ip/html/login/index.html
JavaScript warning: http://speedport.ip/js/jquery-1.3.2.min1.js, line 19: unreachable code after return statement
1540739026790	Marionette	DEBUG	[6442450945] Received DOM event DOMContentLoaded for http://speedport.ip/html/login/status.html?lang=de
1540739026832	Marionette	DEBUG	[6442450945] Received DOM event pageshow for http://speedport.ip/html/login/status.html?lang=de
1540739032078	Marionette	INFO	Stopped listening on port 61009
[Child 20724, Chrome_ChildThread] WARNING: pipe error: 109: file z:/build/build/src/ipc/chromium/src/chrome/common/ipc_channel_win.cc, line 346
[Child 20724, Chro[Child 22016, Chrome_ChildThread] WARNING: pipe error: 109: file z:/build/build/src/ipc/chromium/src/chrome/common/ipc_channel_win.cc, line 346
[Child 22016, Chrome_Child[Parent 14624, Gecko_IOThread] WARNING: pipe error: 109: file z:/build/build/src/ipc/chromium/src/chrome/common/ipc_channel_win.cc, line 346
[Child 20536, Chrome_ChildThread] WARNING: pipe error: 109: file z:/build/build/src/ipc/chromium/src/chrome/common/ipc_channel_win.cc, line 346
[Child 20531540739076274	mozrunner::runner	INFO	Running command: "C:\\Program Files\\Mozilla Firefox\\firefox.exe" "-marionette" "-headless" "-foreground" "-no-remote" "-profile" "C:\\Users\\juliu\\AppData\\Local\\Temp\\rust_mozprofile.Fy3PJK96rJZn"
*** You are running in headless mode.
1540739077473	Marionette	INFO	Listening on port 61184
1540739077883	Marionette	WARN	TLS certificate errors will be ignored for this session
1540739077905	Marionette	DEBUG	[6442450945] Frame script loaded
1540739077906	Marionette	DEBUG	[6442450945] Frame script registered
1540739077915	Marionette	DEBUG	[6442450945] Received DOM event beforeunload for about:blank
1540739077941	Marionette	DEBUG	[6442450945] Received DOM event pagehide for about:blank
JavaScript warning: http://speedport.ip/js/jquery-1.3.2.min1.js, line 19: unreachable code after return statement
1540739078176	Marionette	DEBUG	[6442450945] Received DOM event DOMContentLoaded for http://speedport.ip/html/login/index.html
1540739078227	Marionette	DEBUG	[6442450945] Received DOM event pageshow for http://speedport.ip/html/login/index.html
1540739078596	Marionette	DEBUG	[6442450945] Received DOM event beforeunload for http://speedport.ip/html/login/index.html
1540739078610	Marionette	DEBUG	[6442450945] Received DOM event pagehide for http://speedport.ip/html/login/index.html
1540739078611	Marionette	DEBUG	[6442450945] Received DOM event unload for http://speedport.ip/html/login/index.html
JavaScript warning: http://speedport.ip/js/jquery-1.3.2.min1.js, line 19: unreachable code after return statement
1540739078663	Marionette	DEBUG	[6442450945] Received DOM event DOMContentLoaded for http://speedport.ip/html/login/status.html?lang=de
1540739078708	Marionette	DEBUG	[6442450945] Received DOM event pageshow for http://speedport.ip/html/login/status.html?lang=de
1540739083862	Marionette	INFO	Stopped listening on port 61184
[Child 23344, Chrome_ChildThread] WARNING: pipe error: 109: file z:/build/build/src/ipc/chromium/src/chrome/common/ipc_channel_win.cc, line 346
[Child 23344, Chrome[Child 23092, Chrome_ChildThread] WARNING: pipe error: 109: file z:/build/build/src/ipc/chromium/src/chrome/common/ipc_channel_win.cc, line 346
[Child 2309